<?xml version="1.0" encoding="UTF-8"?>
<testsuite name="net.nanai10a.discord.bot.twomeat.GradleLibraryTest" tests="1" skipped="0" failures="0" errors="0" timestamp="2020-06-27T19:48:57" hostname="mouse-F5" time="0.003">
  <properties/>
  <testcase name="testSomeLibraryMethod" classname="net.nanai10a.discord.bot.twomeat.GradleLibraryTest" time="0.003"/>
  <system-out><![CDATA[]]></system-out>
  <system-err><![CDATA[]]></system-err>
</testsuite>
