<?xml version="1.0" encoding="UTF-8"?>
<testsuite name="net.nanai10a.discord.bot.twomeat.GradleLibraryTest" tests="1" skipped="0" failures="0" errors="0" timestamp="2020-06-27T20:05:18" hostname="mouse-F5" time="0.002">
  <properties/>
  <testcase name="testSomeLibraryMethod" classname="net.nanai10a.discord.bot.twomeat.GradleLibraryTest" time="0.002"/>
  <system-out><![CDATA[]]></system-out>
  <system-err><![CDATA[]]></system-err>
</testsuite>
